"27-Nov-23 20:02:20" - SMAR - INFO - Updating tasks for dubai industry
"27-Nov-23 20:03:23" - SMAR - INFO - Finished tasks for dubai industry
"27-Nov-23 20:03:24" - SMAR - INFO - Data is                                   attached_links_url  ...     tweet_insert_timestamp
0                                               None  ... 2023-11-27 20:03:24.210106
1                                               None  ... 2023-11-27 20:03:24.210106
2  https://fastercapital.com/news/all-encompassin...  ... 2023-11-27 20:03:24.210106
3                                               None  ... 2023-11-27 20:03:24.210106
4                                               None  ... 2023-11-27 20:03:24.210106

[5 rows x 36 columns]
"27-Nov-23 20:03:24" - SMAR - INFO - New Path is data/Twitter/twitter_posts_for_dubai-industry.csv
"27-Nov-23 20:03:24" - SMAR - INFO - getting comments for dubai industry
"27-Nov-23 20:03:24" - SMAR - INFO - data is                                   attached_links_url  ...      tweet_insert_timestamp
0                                                NaN  ...  2023-11-27 20:03:24.210106
1                                                NaN  ...  2023-11-27 20:03:24.210106
2  https://fastercapital.com/news/all-encompassin...  ...  2023-11-27 20:03:24.210106
3                                                NaN  ...  2023-11-27 20:03:24.210106
6                                                NaN  ...  2023-11-27 20:03:24.210106

[5 rows x 36 columns]
"27-Nov-23 20:03:37" - SMAR - INFO - GET for comment id: 0 finished!
 [{'attached_links_url': None, 'attached_medias_url': None, 'attached_videos': None, 'author_id': '1657793653140537348', 'author_username': 'princeBisi_', 'community_notes': None, 'conversation_id': '1726158514656088134', 'created_time': '2023-11-19T15:05:05', 'favorite_count': 0, 'geo_lat': None, 'geo_lon': None, 'id': '1726255277778063691', 'in_reply_to_post_id': '1726158514656088134', 'in_reply_to_profile_id': '996143635', 'in_reply_to_profile_username': 'fkeyamo', 'place_country_code': None, 'place_country_name': None, 'place_full_name': None, 'place_type': None, 'post_type': 'reply', 'quote_count': 0, 'quoted_status_id': None, 'quoted_status_profile_username': None, 'reply_count': 0, 'retweet_count': 0, 'source': None, 'text': '@fkeyamo Did you see their citizens there with shovels and wheelbarrows as empowerment tools?\nJust asking.', 'text_lang': 'en', 'text_tagged_users': ['fkeyamo'], 'text_tags': None, 'timestamp': 1700406305, 'view_count': 8}, {'attached_links_url': None, 'attached_medias_url': None, 'attached_videos': None, 'author_id': '1449106460852555780', 'author_username': 'charming_facts', 'community_notes': None, 'conversation_id': '1726158514656088134', 'created_time': '2023-11-20T05:40:23', 'favorite_count': 0, 'geo_lat': None, 'geo_lon': None, 'id': '1726475554117783873', 'in_reply_to_post_id': '1726158514656088134', 'in_reply_to_profile_id': '996143635', 'in_reply_to_profile_username': 'fkeyamo', 'place_country_code': None, 'place_country_name': None, 'place_full_name': None, 'place_type': None, 'post_type': 'reply', 'quote_count': 0, 'quoted_status_id': None, 'quoted_status_profile_username': None, 'reply_count': 0, 'retweet_count': 0, 'source': None, 'text': '@fkeyamo Keyamo it so shameful that no one is telling you the truth. Lawyer without any knowledge of aviation industry is trying to convince Nigeria that he can pilot the industry with his chicken nuggets vision to please his master tinubu. What a pity.', 'text_lang': 'en', 'text_tagged_users': ['fkeyamo'], 'text_tags': None, 'timestamp': 1700458823, 'view_count': 6}, {'attached_links_url': None, 'attached_medias_url': None, 'attached_videos': None, 'author_id': '1667616897901232131', 'author_username': 'Dede05729043186', 'community_notes': None, 'conversation_id': '1726158514656088134', 'created_time': '2023-11-20T08:22:57', 'favorite_count': 0, 'geo_lat': None, 'geo_lon': None, 'id': '1726516465724244240', 'in_reply_to_post_id': '1726158514656088134', 'in_reply_to_profile_id': '996143635', 'in_reply_to_profile_username': 'fkeyamo', 'place_country_code': None, 'place_country_name': None, 'place_full_name': None, 'place_type': None, 'post_type': 'reply', 'quote_count': 0, 'quoted_status_id': None, 'quoted_status_profile_username': None, 'reply_count': 0, 'retweet_count': 0, 'source': None, 'text': '@fkeyamo Bros, is that all you learnt from that air show ?\n\nTo bring air show to Lagos? I taya.\nDid you not see the clean environment? Did the electricity blink once?  Was clean water not running? Good roads ..etc?\nDid you have any feelings of shame or regret about our country?', 'text_lang': 'en', 'text_tagged_users': ['fkeyamo'], 'text_tags': None, 'timestamp': 1700468577, 'view_count': 14}]
"27-Nov-23 20:03:37" - SMAR - INFO - GET for comment id: 3 finished!
 [{'attached_links_url': None, 'attached_medias_url': None, 'attached_videos': None, 'author_id': '1479108062493372420', 'author_username': 'huyenph19239609', 'community_notes': None, 'conversation_id': '1726422667434279241', 'created_time': '2023-11-20T11:04:39', 'favorite_count': 1, 'geo_lat': None, 'geo_lon': None, 'id': '1726557160581267944', 'in_reply_to_post_id': '1726422667434279241', 'in_reply_to_profile_id': '1688893669171220480', 'in_reply_to_profile_username': 'VTN_Kayo', 'place_country_code': None, 'place_country_name': None, 'place_full_name': None, 'place_type': None, 'post_type': 'reply', 'quote_count': 0, 'quoted_status_id': None, 'quoted_status_profile_username': None, 'reply_count': 0, 'retweet_count': 0, 'source': None, 'text': "@VTN_Kayo Interesting read! It's great to see Indian crypto companies exploring opportunities in Dubai for expansion. The progressive regulatory approach and business-friendly environment there seem to be attracting global players as well. Exciting times for the crypto industry!🥰", 'text_lang': 'en', 'text_tagged_users': ['VTN_Kayo'], 'text_tags': None, 'timestamp': 1700478279, 'view_count': 5}]
"27-Nov-23 20:03:38" - SMAR - INFO - GET for comment id: 8 finished!
 []
"27-Nov-23 20:03:48" - SMAR - INFO - GET for comment id: 1 finished!
 []
"27-Nov-23 20:03:49" - SMAR - INFO - GET for comment id: 6 finished!
 []
"27-Nov-23 20:03:49" - SMAR - INFO - GET for comment id: 14 finished!
 []
"27-Nov-23 20:03:50" - SMAR - INFO - GET for comment id: 21 finished!
 []
"27-Nov-23 20:03:51" - SMAR - INFO - GET for comment id: 23 finished!
 []
"27-Nov-23 20:03:51" - SMAR - INFO - GET for comment id: 29 finished!
 []
"27-Nov-23 20:03:52" - SMAR - INFO - GET for comment id: 36 finished!
 []
"27-Nov-23 20:03:53" - SMAR - INFO - GET for comment id: 41 finished!
 []
"27-Nov-23 20:03:53" - SMAR - INFO - GET for comment id: 47 finished!
 []
"27-Nov-23 20:03:54" - SMAR - INFO - GET for comment id: 49 finished!
 []
"27-Nov-23 20:03:55" - SMAR - INFO - GET for comment id: 66 finished!
 []
"27-Nov-23 20:03:58" - SMAR - INFO - GET for comment id: 2 finished!
 []
"27-Nov-23 20:03:59" - SMAR - INFO - GET for comment id: 15 finished!
 []
"27-Nov-23 20:04:00" - SMAR - INFO - GET for comment id: 26 finished!
 []
"27-Nov-23 20:04:00" - SMAR - INFO - GET for comment id: 39 finished!
 []
"27-Nov-23 20:04:01" - SMAR - INFO - GET for comment id: 44 finished!
 [{'attached_links_url': None, 'attached_medias_url': None, 'attached_videos': None, 'author_id': '3109613419', 'author_username': 'JCRugaya', 'community_notes': None, 'conversation_id': '1727248691948331464', 'created_time': '2023-11-22T10:19:40', 'favorite_count': 2, 'geo_lat': None, 'geo_lon': None, 'id': '1727270616041226285', 'in_reply_to_post_id': '1727248691948331464', 'in_reply_to_profile_id': '1292728089076797440', 'in_reply_to_profile_username': 'goetz_alain', 'place_country_code': None, 'place_country_name': None, 'place_full_name': None, 'place_type': None, 'post_type': 'reply', 'quote_count': 0, 'quoted_status_id': None, 'quoted_status_profile_username': None, 'reply_count': 0, 'retweet_count': 0, 'source': None, 'text': '@goetz_alain Responsibility & transparency are the only sure ways of cleaning the precious metals industry. With more and more unscrupulous people joining the industry, it is only right that genuine players remain alert to avert any possibility of the industry being cast in further bad light.', 'text_lang': 'en', 'text_tagged_users': ['goetz_alain'], 'text_tags': None, 'timestamp': 1700648380, 'view_count': 35}, {'attached_links_url': None, 'attached_medias_url': None, 'attached_videos': None, 'author_id': '819833810711879681', 'author_username': 'dtwijukye95', 'community_notes': None, 'conversation_id': '1727248691948331464', 'created_time': '2023-11-22T15:07:13', 'favorite_count': 2, 'geo_lat': None, 'geo_lon': None, 'id': '1727342978140893591', 'in_reply_to_post_id': '1727248691948331464', 'in_reply_to_profile_id': '1292728089076797440', 'in_reply_to_profile_username': 'goetz_alain', 'place_country_code': None, 'place_country_name': None, 'place_full_name': None, 'place_type': None, 'post_type': 'reply', 'quote_count': 0, 'quoted_status_id': None, 'quoted_status_profile_username': None, 'reply_count': 0, 'retweet_count': 1, 'source': None, 'text': '@goetz_alain Transparency will enable accountability  in the mining  sector and also ensure the traceability of minerals.', 'text_lang': 'en', 'text_tagged_users': ['goetz_alain'], 'text_tags': None, 'timestamp': 1700665633, 'view_count': 76}]
"27-Nov-23 20:04:02" - SMAR - INFO - GET for comment id: 55 finished!
 []
"27-Nov-23 20:04:02" - SMAR - INFO - GET for comment id: 62 finished!
 []
"27-Nov-23 20:04:03" - SMAR - INFO - GET for comment id: 76 finished!
 []
"27-Nov-23 20:04:04" - SMAR - INFO - GET for comment id: 83 finished!
 []
"27-Nov-23 20:04:04" - SMAR - INFO - GET for comment id: 89 finished!
 []
"27-Nov-23 20:04:05" - SMAR - INFO - GET for comment id: 99 finished!
 []
"27-Nov-23 20:04:06" - SMAR - INFO - GET for comment id: 12 finished!
 []
"27-Nov-23 20:04:06" - SMAR - INFO - GET for comment id: 31 finished!
 []
"27-Nov-23 20:04:07" - SMAR - INFO - GET for comment id: 48 finished!
 []
"27-Nov-23 20:04:08" - SMAR - INFO - GET for comment id: 68 finished!
 []
"27-Nov-23 20:04:08" - SMAR - INFO - GET for comment id: 79 finished!
 []
"27-Nov-23 20:04:09" - SMAR - INFO - GET for comment id: 94 finished!
 []
"27-Nov-23 20:04:09" - SMAR - INFO - GET for comment id: 22 finished!
 []
"27-Nov-23 20:04:10" - SMAR - INFO - GET for comment id: 56 finished!
 []
"27-Nov-23 20:04:11" - SMAR - INFO - GET for comment id: 85 finished!
 []
"27-Nov-23 20:04:12" - SMAR - INFO - GET for comment id: 78 finished!
 [{'attached_links_url': None, 'attached_medias_url': None, 'attached_videos': None, 'author_id': '2917590734', 'author_username': 'DucHuy_Vcl', 'community_notes': None, 'conversation_id': '1728613830979109180', 'created_time': '2023-11-26T03:30:44', 'favorite_count': 0, 'geo_lat': None, 'geo_lon': None, 'id': '1728617255326662899', 'in_reply_to_post_id': '1728613830979109180', 'in_reply_to_profile_id': '5988062', 'in_reply_to_profile_username': 'TheEconomist', 'place_country_code': None, 'place_country_name': None, 'place_full_name': None, 'place_type': None, 'post_type': 'reply', 'quote_count': 0, 'quoted_status_id': None, 'quoted_status_profile_username': None, 'reply_count': 0, 'retweet_count': 0, 'source': None, 'text': '@TheEconomist Wow! Verry good for this plan', 'text_lang': 'en', 'text_tagged_users': ['TheEconomist'], 'text_tags': None, 'timestamp': 1700969444, 'view_count': 90}, {'attached_links_url': None, 'attached_medias_url': None, 'attached_videos': None, 'author_id': '839410459996381184', 'author_username': 'ildfluer', 'community_notes': None, 'conversation_id': '1728613830979109180', 'created_time': '2023-11-26T03:32:22', 'favorite_count': 0, 'geo_lat': None, 'geo_lon': None, 'id': '1728617665512747386', 'in_reply_to_post_id': '1728613830979109180', 'in_reply_to_profile_id': '5988062', 'in_reply_to_profile_username': 'TheEconomist', 'place_country_code': None, 'place_country_name': None, 'place_full_name': None, 'place_type': None, 'post_type': 'reply', 'quote_count': 0, 'quoted_status_id': None, 'quoted_status_profile_username': None, 'reply_count': 0, 'retweet_count': 0, 'source': None, 'text': "@TheEconomist Who'd prefer to transit in India than… Singapore or HK or Bangkok?", 'text_lang': 'en', 'text_tagged_users': ['TheEconomist'], 'text_tags': None, 'timestamp': 1700969542, 'view_count': 16}, {'attached_links_url': None, 'attached_medias_url': None, 'attached_videos': None, 'author_id': '1513932028626051074', 'author_username': 'Aabubakar238', 'community_notes': None, 'conversation_id': '1728613830979109180', 'created_time': '2023-11-26T03:42:10', 'favorite_count': 1, 'geo_lat': None, 'geo_lon': None, 'id': '1728620132702814408', 'in_reply_to_post_id': '1728613830979109180', 'in_reply_to_profile_id': '5988062', 'in_reply_to_profile_username': 'TheEconomist', 'place_country_code': None, 'place_country_name': None, 'place_full_name': None, 'place_type': None, 'post_type': 'reply', 'quote_count': 0, 'quoted_status_id': None, 'quoted_status_profile_username': None, 'reply_count': 0, 'retweet_count': 0, 'source': None, 'text': "@TheEconomist Interesting to see India's ambitious plans for aviation hubs and recent infrastructure developments. Despite progress, it's evident that challenges persist. Innovation and collaboration will be crucial for sustained growth. 🛫🇮🇳 #AviationDevelopment", 'text_lang': 'en', 'text_tagged_users': ['TheEconomist'], 'text_tags': ['aviationdevelopment'], 'timestamp': 1700970130, 'view_count': 45}, {'attached_links_url': None, 'attached_medias_url': None, 'attached_videos': None, 'author_id': '1719903216576647168', 'author_username': 'MoneyXMastery', 'community_notes': None, 'conversation_id': '1728613830979109180', 'created_time': '2023-11-26T04:31:17', 'favorite_count': 0, 'geo_lat': None, 'geo_lon': None, 'id': '1728632494931706361', 'in_reply_to_post_id': '1728613830979109180', 'in_reply_to_profile_id': '5988062', 'in_reply_to_profile_username': 'TheEconomist', 'place_country_code': None, 'place_country_name': None, 'place_full_name': None, 'place_type': None, 'post_type': 'reply', 'quote_count': 0, 'quoted_status_id': None, 'quoted_status_profile_username': None, 'reply_count': 0, 'retweet_count': 0, 'source': None, 'text': '@TheEconomist Not solid, everything there, even be a solid gangster.', 'text_lang': 'en', 'text_tagged_users': ['TheEconomist'], 'text_tags': None, 'timestamp': 1700973077, 'view_count': 15}, {'attached_links_url': None, 'attached_medias_url': None, 'attached_videos': None, 'author_id': '786129163228811264', 'author_username': 'Philipp_Straehl', 'community_notes': None, 'conversation_id': '1728613830979109180', 'created_time': '2023-11-26T05:58:15', 'favorite_count': 1, 'geo_lat': None, 'geo_lon': None, 'id': '1728654380000530809', 'in_reply_to_post_id': '1728613830979109180', 'in_reply_to_profile_id': '5988062', 'in_reply_to_profile_username': 'TheEconomist', 'place_country_code': None, 'place_country_name': None, 'place_full_name': None, 'place_type': None, 'post_type': 'reply', 'quote_count': 0, 'quoted_status_id': None, 'quoted_status_profile_username': None, 'reply_count': 0, 'retweet_count': 0, 'source': None, 'text': '@TheEconomist Even if India fixes the infrastructure. The problem remains bureaucracy.\n\nTake Changi as an example:\nGreat airport = great infrastructure & highly efficient\nEfficiency = streamlined processes amd  procedures & speed', 'text_lang': 'en', 'text_tagged_users': ['TheEconomist'], 'text_tags': None, 'timestamp': 1700978295, 'view_count': 24}, {'attached_links_url': None, 'attached_medias_url': None, 'attached_videos': None, 'author_id': '247626101', 'author_username': 'wk163', 'community_notes': None, 'conversation_id': '1728613830979109180', 'created_time': '2023-11-26T07:31:07', 'favorite_count': 0, 'geo_lat': None, 'geo_lon': None, 'id': '1728677751870410957', 'in_reply_to_post_id': '1728613830979109180', 'in_reply_to_profile_id': '5988062', 'in_reply_to_profile_username': 'TheEconomist', 'place_country_code': None, 'place_country_name': None, 'place_full_name': None, 'place_type': None, 'post_type': 'reply', 'quote_count': 0, 'quoted_status_id': None, 'quoted_status_profile_username': None, 'reply_count': 0, 'retweet_count': 0, 'source': None, 'text': "@TheEconomist Flew on Air India to Australia via Bombay in the 80's. Never again.", 'text_lang': 'en', 'text_tagged_users': ['TheEconomist'], 'text_tags': None, 'timestamp': 1700983867, 'view_count': 9}]
"27-Nov-23 20:04:17" - SMAR - INFO - GET for comment id: 40 finished!
 []
"27-Nov-23 20:04:17" - SMAR - INFO - comments are   attached_links_url attached_medias_url  ...     tone     tweet_insert_timestamp
0               None                None  ...  unknown 2023-11-27 20:04:17.163026
1               None                None  ...  unknown 2023-11-27 20:04:17.163026
2               None                None  ...  unknown 2023-11-27 20:04:17.163026
3               None                None  ...  unknown 2023-11-27 20:04:17.163026
4               None                None  ...  unknown 2023-11-27 20:04:17.163026

[5 rows x 36 columns]
"27-Nov-23 20:04:17" - SMAR - INFO - comments are written to db for dubai industry
"27-Nov-23 20:04:17" - werkzeug - INFO - 127.0.0.1 - - [27/Nov/2023 20:04:17] "[35m[1mPOST /keyterm/get_data/twitter HTTP/1.1[0m" 201 -
